0 info it worked if it ends with ok
1 verbose cli [ 'C:\\Program Files\\nodejs\\node.exe',
1 verbose cli   'C:\\Program Files\\nodejs\\node_modules\\npm\\bin\\npm-cli.js',
1 verbose cli   'install',
1 verbose cli   'bower_components' ]
2 info using npm@2.15.9
3 info using node@v4.5.0
4 verbose install initial load of C:\DEV\17-todo-tests\package.json
5 warn package.json client@1.0.0 No description
6 warn package.json client@1.0.0 No repository field.
7 warn package.json client@1.0.0 No README data
8 verbose installManyTop reading scoped package data from C:\DEV\17-todo-tests\node_modules\jasmine-core\package.json
9 verbose installManyTop reading scoped package data from C:\DEV\17-todo-tests\node_modules\karma\package.json
10 verbose installManyTop reading scoped package data from C:\DEV\17-todo-tests\node_modules\karma-chrome-launcher\package.json
11 verbose installManyTop reading scoped package data from C:\DEV\17-todo-tests\node_modules\karma-jasmine\package.json
12 verbose installManyTop reading scoped package data from C:\DEV\17-todo-tests\node_modules\karma-sinon\package.json
13 verbose installManyTop reading scoped package data from C:\DEV\17-todo-tests\node_modules\sinon\package.json
14 info package.json karma-sinon@1.0.5 No license field.
15 verbose readDependencies loading dependencies from C:\DEV\17-todo-tests\package.json
16 silly cache add args [ 'bower_components', null ]
17 verbose cache add spec bower_components
18 silly cache add parsed spec Result {
18 silly cache add   raw: 'bower_components',
18 silly cache add   scope: null,
18 silly cache add   name: 'bower_components',
18 silly cache add   rawSpec: '',
18 silly cache add   spec: 'latest',
18 silly cache add   type: 'tag' }
19 silly addNamed bower_components@latest
20 verbose addNamed "latest" is being treated as a dist-tag for bower_components
21 info addNameTag [ 'bower_components', 'latest' ]
22 silly mapToRegistry name bower_components
23 silly mapToRegistry using default registry
24 silly mapToRegistry registry https://registry.npmjs.org/
25 silly mapToRegistry data Result {
25 silly mapToRegistry   raw: 'bower_components',
25 silly mapToRegistry   scope: null,
25 silly mapToRegistry   name: 'bower_components',
25 silly mapToRegistry   rawSpec: '',
25 silly mapToRegistry   spec: 'latest',
25 silly mapToRegistry   type: 'tag' }
26 silly mapToRegistry uri https://registry.npmjs.org/bower_components
27 verbose addNameTag registry:https://registry.npmjs.org/bower_components not in flight; fetching
28 verbose request uri https://registry.npmjs.org/bower_components
29 verbose request no auth needed
30 info attempt registry request try #1 at 1:38:57 PM
31 verbose request id c5c05d018718ccc7
32 http request GET https://registry.npmjs.org/bower_components
33 http 404 https://registry.npmjs.org/bower_components
34 verbose headers { 'content-type': 'application/json',
34 verbose headers   'cache-control': 'max-age=0',
34 verbose headers   'content-length': '2',
34 verbose headers   'accept-ranges': 'bytes',
34 verbose headers   date: 'Mon, 05 Sep 2016 20:38:58 GMT',
34 verbose headers   via: '1.1 varnish',
34 verbose headers   age: '0',
34 verbose headers   connection: 'keep-alive',
34 verbose headers   'x-served-by': 'cache-sjc3651-SJC',
34 verbose headers   'x-cache': 'MISS',
34 verbose headers   'x-cache-hits': '0',
34 verbose headers   'x-timer': 'S1473107938.163681,VS0,VE360',
34 verbose headers   vary: 'Accept-Encoding' }
35 silly get cb [ 404,
35 silly get   { 'content-type': 'application/json',
35 silly get     'cache-control': 'max-age=0',
35 silly get     'content-length': '2',
35 silly get     'accept-ranges': 'bytes',
35 silly get     date: 'Mon, 05 Sep 2016 20:38:58 GMT',
35 silly get     via: '1.1 varnish',
35 silly get     age: '0',
35 silly get     connection: 'keep-alive',
35 silly get     'x-served-by': 'cache-sjc3651-SJC',
35 silly get     'x-cache': 'MISS',
35 silly get     'x-cache-hits': '0',
35 silly get     'x-timer': 'S1473107938.163681,VS0,VE360',
35 silly get     vary: 'Accept-Encoding' } ]
36 verbose stack Error: Registry returned 404 for GET on https://registry.npmjs.org/bower_components
36 verbose stack     at makeError (C:\Program Files\nodejs\node_modules\npm\node_modules\npm-registry-client\lib\request.js:264:12)
36 verbose stack     at CachingRegistryClient.<anonymous> (C:\Program Files\nodejs\node_modules\npm\node_modules\npm-registry-client\lib\request.js:242:14)
36 verbose stack     at Request._callback (C:\Program Files\nodejs\node_modules\npm\node_modules\npm-registry-client\lib\request.js:172:14)
36 verbose stack     at Request.self.callback (C:\Program Files\nodejs\node_modules\npm\node_modules\request\request.js:200:22)
36 verbose stack     at emitTwo (events.js:87:13)
36 verbose stack     at Request.emit (events.js:172:7)
36 verbose stack     at Request.<anonymous> (C:\Program Files\nodejs\node_modules\npm\node_modules\request\request.js:1067:10)
36 verbose stack     at emitOne (events.js:82:20)
36 verbose stack     at Request.emit (events.js:169:7)
36 verbose stack     at IncomingMessage.<anonymous> (C:\Program Files\nodejs\node_modules\npm\node_modules\request\request.js:988:12)
37 verbose statusCode 404
38 verbose pkgid bower_components
39 verbose cwd C:\DEV\17-todo-tests
40 error Windows_NT 10.0.14393
41 error argv "C:\\Program Files\\nodejs\\node.exe" "C:\\Program Files\\nodejs\\node_modules\\npm\\bin\\npm-cli.js" "install" "bower_components"
42 error node v4.5.0
43 error npm  v2.15.9
44 error code E404
45 error 404 Registry returned 404 for GET on https://registry.npmjs.org/bower_components
45 error 404
45 error 404 'bower_components' is not in the npm registry.
45 error 404 You should bug the author to publish it (or use the name yourself!)
45 error 404 It was specified as a dependency of 'client'
45 error 404
45 error 404 Note that you can also install from a
45 error 404 tarball, folder, http url, or git url.
46 verbose exit [ 1, true ]
